Autor: Daira Judith Servin Juárez 
Fecha: 28/09/2023 01:24:19 p. m.
# | Caracter
include | Identificador
< | OperadorRelacional
stdio | Identificador
. | Caracter
h | Identificador
> | OperadorRelacional
# | Caracter
include | Identificador
< | OperadorRelacional
math | Identificador
. | Caracter
h | Identificador
> | OperadorRelacional
# | Caracter
include | Identificador
< | OperadorRelacional
iostream | Identificador
> | OperadorRelacional
char | TipoDato
a | Identificador
; | FinSentencia
int | TipoDato
b | Identificador
; | FinSentencia
float | TipoDato
c | Identificador
; | FinSentencia
void | Identificador
main | Identificador
( | Caracter
) | Caracter
{ | Inicio
a | Identificador
a = = | Asignacion
( | Caracter
char | TipoDato
) | Caracter
( | Caracter
( | Caracter
char | TipoDato
) | Caracter
( | Caracter
c | Identificador
) | Caracter
+ | OperadorTermino
( | Caracter
float | TipoDato
) | Caracter
( | Caracter
b | Identificador
) | Caracter
) | Caracter
 +; | FinSentencia
 = 0
} | Fin
-----------------
V a r i a b l e s
-----------------
a Char = 0
b Int = 0
c Float = 0
-----------------
